6 深圳欢乐谷
519 深圳北站
1062 欢乐谷
1063 世界之窗
1067 深圳仙湖植物园
1594 锦绣中华·中国民俗文化村
1230 南澳岛生态旅游区
4856 忠信人民广场
4888 铜锣湾广场
4892 清远站
4990 潮州西湖
5328 虎门站
5329 威远炮台
514 三亚凤凰国际机场
515 三亚站
516 海口东站
517 海口美兰国际机场
1092 兴隆热带植物园
5359 石梅湾
1094 分界洲岛旅游区
1119 南湾猴岛生态旅游景区
5360 雅居乐海南清水湾
1639 呀诺达雨林文化旅游区
5651 槟榔谷黎苗文化旅游区
5284 乐东商业步行街
5285 金坡广场
5286 商贸购物广场
5287 凤凰商业步行街
524 南昌北站
525 南昌站
1176 龙湾温泉度假村
1179 庐山风景区
1214 瑶里古镇风景区
1215 景德镇古窑民俗博览区
1227 三清山风景区
1228 卧龙谷
1234 仙女湖景区
1265 井冈山风景名胜区
1524 五台山风景区
1550 云冈石窟
1562 恒山风景区
1572 皇城相府生态文化旅游区
1613 艾提尕尔清真寺
1158 可可托海风景区
1166 喀纳斯风景区
551 西宁火车站
883 青海省博物馆
943 青海湖风景区
5862 西宁市曹家堡机场
5613 恩施大峡谷
1181 洪湖蓝田生态旅游风景区
1698 荆州古城历史文化旅游区
1292 汤池温泉
628 银川河东机场
Traceback (most recent call last):
  File "spyderpro/test/mysqltest.py", line 37, in <module>
    num = int(row[1])
ValueError: invalid literal for int() with base 10: '149062018-08-20 17:55:00'
